2024-11-04 10:47:01.644 +01:00 [INF] Executed DbCommand (13ms) [Parameters=[], CommandType='"Text"', CommandTimeout='30']
PRAGMA journal_mode = 'wal';
2024-11-04 10:47:01.719 +01:00 [INF] Executed DbCommand (0ms) [Parameters=[], CommandType='"Text"', CommandTimeout='30']
CREATE TABLE "Restaurants" (
    "RestaurantId" INTEGER NOT NULL CONSTRAINT "PK_Restaurants" PRIMARY KEY AUTOINCREMENT,
    "RestaurantName" TEXT NOT NULL,
    "Longitude" REAL NOT NULL,
    "Latitude" REAL NOT NULL,
    "AverageRating" REAL NOT NULL,
    "ImageUrl" TEXT NULL,
    "Images" TEXT NULL,
    "Address" TEXT NULL,
    "City" TEXT NULL
);
2024-11-04 10:47:01.721 +01:00 [INF] Executed DbCommand (0ms) [Parameters=[], CommandType='"Text"', CommandTimeout='30']
CREATE TABLE "Users" (
    "UserId" INTEGER NOT NULL CONSTRAINT "PK_Users" PRIMARY KEY AUTOINCREMENT,
    "UserName" TEXT NOT NULL,
    "Email" TEXT NOT NULL
);
2024-11-04 10:47:01.723 +01:00 [INF] Executed DbCommand (0ms) [Parameters=[], CommandType='"Text"', CommandTimeout='30']
CREATE TABLE "Reviews" (
    "ReviewId" INTEGER NOT NULL CONSTRAINT "PK_Reviews" PRIMARY KEY AUTOINCREMENT,
    "Note" TEXT NULL,
    "Rating" INTEGER NOT NULL,
    "ImageUrl" TEXT NULL,
    "Dish" TEXT NOT NULL,
    "IsGlutenFree" INTEGER NOT NULL,
    "IsVegan" INTEGER NOT NULL,
    "IsDairyFree" INTEGER NOT NULL,
    "UserId" INTEGER NULL,
    "RestaurantId" INTEGER NULL,
    CONSTRAINT "FK_Reviews_Restaurants_RestaurantId" FOREIGN KEY ("RestaurantId") REFERENCES "Restaurants" ("RestaurantId"),
    CONSTRAINT "FK_Reviews_Users_UserId" FOREIGN KEY ("UserId") REFERENCES "Users" ("UserId")
);
2024-11-04 10:47:01.724 +01:00 [INF] Executed DbCommand (0ms) [Parameters=[], CommandType='"Text"', CommandTimeout='30']
CREATE INDEX "IX_Reviews_RestaurantId" ON "Reviews" ("RestaurantId");
2024-11-04 10:47:01.725 +01:00 [INF] Executed DbCommand (0ms) [Parameters=[], CommandType='"Text"', CommandTimeout='30']
CREATE INDEX "IX_Reviews_UserId" ON "Reviews" ("UserId");
2024-11-04 10:47:01.850 +01:00 [INF] Executed DbCommand (0ms) [Parameters=[], CommandType='"Text"', CommandTimeout='30']
SELECT EXISTS (
    SELECT 1
    FROM "Restaurants" AS "r")
2024-11-04 10:47:01.981 +01:00 [INF] Executed DbCommand (4ms) [Parameters=[@p0='?', @p1='?' (DbType = Double), @p2='?', @p3='?', @p4='?' (Size = 2), @p5='?' (DbType = Double), @p6='?' (DbType = Double), @p7='?' (Size = 7)], CommandType='"Text"', CommandTimeout='30']
INSERT INTO "Restaurants" ("Address", "AverageRating", "City", "ImageUrl", "Images", "Latitude", "Longitude", "RestaurantName")
VALUES (@p0, @p1, @p2, @p3, @p4, @p5, @p6, @p7)
RETURNING "RestaurantId";
2024-11-04 10:47:01.995 +01:00 [INF] Executed DbCommand (0ms) [Parameters=[@p0='?', @p1='?' (DbType = Double), @p2='?', @p3='?', @p4='?' (Size = 2), @p5='?' (DbType = Double), @p6='?' (DbType = Double), @p7='?' (Size = 4)], CommandType='"Text"', CommandTimeout='30']
INSERT INTO "Restaurants" ("Address", "AverageRating", "City", "ImageUrl", "Images", "Latitude", "Longitude", "RestaurantName")
VALUES (@p0, @p1, @p2, @p3, @p4, @p5, @p6, @p7)
RETURNING "RestaurantId";
2024-11-04 10:47:01.997 +01:00 [INF] Executed DbCommand (0ms) [Parameters=[@p0='?', @p1='?' (DbType = Double), @p2='?', @p3='?', @p4='?' (Size = 2), @p5='?' (DbType = Double), @p6='?' (DbType = Double), @p7='?' (Size = 7)], CommandType='"Text"', CommandTimeout='30']
INSERT INTO "Restaurants" ("Address", "AverageRating", "City", "ImageUrl", "Images", "Latitude", "Longitude", "RestaurantName")
VALUES (@p0, @p1, @p2, @p3, @p4, @p5, @p6, @p7)
RETURNING "RestaurantId";
2024-11-04 10:47:02.011 +01:00 [INF] Executed DbCommand (0ms) [Parameters=[], CommandType='"Text"', CommandTimeout='30']
SELECT EXISTS (
    SELECT 1
    FROM "Users" AS "u")
2024-11-04 10:47:02.023 +01:00 [INF] Executed DbCommand (0ms) [Parameters=[@p0='?' (Size = 11), @p1='?' (Size = 3)], CommandType='"Text"', CommandTimeout='30']
INSERT INTO "Users" ("Email", "UserName")
VALUES (@p0, @p1)
RETURNING "UserId";
2024-11-04 10:47:02.025 +01:00 [INF] Executed DbCommand (0ms) [Parameters=[@p0='?' (Size = 12), @p1='?' (Size = 4)], CommandType='"Text"', CommandTimeout='30']
INSERT INTO "Users" ("Email", "UserName")
VALUES (@p0, @p1)
RETURNING "UserId";
2024-11-04 10:47:02.030 +01:00 [INF] Executed DbCommand (0ms) [Parameters=[], CommandType='"Text"', CommandTimeout='30']
SELECT EXISTS (
    SELECT 1
    FROM "Reviews" AS "r")
2024-11-04 10:47:02.064 +01:00 [INF] Executed DbCommand (0ms) [Parameters=[@p0='?' (Size = 5), @p1='?', @p2='?' (DbType = Boolean), @p3='?' (DbType = Boolean), @p4='?' (DbType = Boolean), @p5='?' (Size = 12), @p6='?' (DbType = Int32), @p7='?' (DbType = Int32), @p8='?' (DbType = Int32)], CommandType='"Text"', CommandTimeout='30']
INSERT INTO "Reviews" ("Dish", "ImageUrl", "IsDairyFree", "IsGlutenFree", "IsVegan", "Note", "Rating", "RestaurantId", "UserId")
VALUES (@p0, @p1, @p2, @p3, @p4, @p5, @p6, @p7, @p8)
RETURNING "ReviewId";
2024-11-04 10:47:02.067 +01:00 [INF] Executed DbCommand (0ms) [Parameters=[@p0='?' (Size = 5), @p1='?', @p2='?' (DbType = Boolean), @p3='?' (DbType = Boolean), @p4='?' (DbType = Boolean), @p5='?' (Size = 4), @p6='?' (DbType = Int32), @p7='?' (DbType = Int32), @p8='?' (DbType = Int32)], CommandType='"Text"', CommandTimeout='30']
INSERT INTO "Reviews" ("Dish", "ImageUrl", "IsDairyFree", "IsGlutenFree", "IsVegan", "Note", "Rating", "RestaurantId", "UserId")
VALUES (@p0, @p1, @p2, @p3, @p4, @p5, @p6, @p7, @p8)
RETURNING "ReviewId";
2024-11-04 10:47:02.069 +01:00 [INF] Executed DbCommand (0ms) [Parameters=[@p0='?' (Size = 9), @p1='?', @p2='?' (DbType = Boolean), @p3='?' (DbType = Boolean), @p4='?' (DbType = Boolean), @p5='?' (Size = 3), @p6='?' (DbType = Int32), @p7='?' (DbType = Int32), @p8='?' (DbType = Int32)], CommandType='"Text"', CommandTimeout='30']
INSERT INTO "Reviews" ("Dish", "ImageUrl", "IsDairyFree", "IsGlutenFree", "IsVegan", "Note", "Rating", "RestaurantId", "UserId")
VALUES (@p0, @p1, @p2, @p3, @p4, @p5, @p6, @p7, @p8)
RETURNING "ReviewId";
2024-11-04 10:47:02.213 +01:00 [INF] User profile is available. Using 'C:\Users\47408\AppData\Local\ASP.NET\DataProtection-Keys' as key repository and Windows DPAPI to encrypt keys at rest.
2024-11-04 10:47:02.332 +01:00 [INF] Now listening on: https://localhost:7200
2024-11-04 10:47:02.334 +01:00 [INF] Now listening on: http://localhost:5252
2024-11-04 10:47:02.341 +01:00 [INF] Application started. Press Ctrl+C to shut down.
2024-11-04 10:47:02.343 +01:00 [INF] Hosting environment: Development
2024-11-04 10:47:02.345 +01:00 [INF] Content root path: C:\Users\47408\Map Your Meal\MapYourMeal-Logger2\MapYourMeal
2024-11-04 10:47:02.493 +01:00 [INF] Request starting HTTP/1.1 GET http://localhost:5252/ - null null
2024-11-04 10:47:02.524 +01:00 [INF] Executing endpoint 'MapYourMeal.Controllers.HomeController.Index (MapYourMeal)'
2024-11-04 10:47:02.545 +01:00 [INF] Route matched with {action = "Index", controller = "Home"}. Executing controller action with signature Microsoft.AspNetCore.Mvc.IActionResult Index() on controller MapYourMeal.Controllers.HomeController (MapYourMeal).
2024-11-04 10:47:02.560 +01:00 [INF] Executing ViewResult, running view Index.
2024-11-04 10:47:02.665 +01:00 [INF] Executed ViewResult - view Index executed in 109.4181ms.
2024-11-04 10:47:02.668 +01:00 [INF] Executed action MapYourMeal.Controllers.HomeController.Index (MapYourMeal) in 122.5725ms
2024-11-04 10:47:02.669 +01:00 [INF] Executed endpoint 'MapYourMeal.Controllers.HomeController.Index (MapYourMeal)'
2024-11-04 10:47:02.672 +01:00 [INF] Request finished HTTP/1.1 GET http://localhost:5252/ - 200 null text/html; charset=utf-8 182.0033ms
2024-11-04 10:47:02.696 +01:00 [INF] Request starting HTTP/1.1 GET http://localhost:5252/images/gluten_free.png - null null
2024-11-04 10:47:02.696 +01:00 [INF] Request starting HTTP/1.1 GET http://localhost:5252/lib/leaflet/dist/leaflet.min.css - null null
2024-11-04 10:47:02.696 +01:00 [INF] Request starting HTTP/1.1 GET http://localhost:5252/css/site.css - null null
2024-11-04 10:47:02.696 +01:00 [INF] Request starting HTTP/1.1 GET http://localhost:5252/images/vegan.png - null null
2024-11-04 10:47:02.696 +01:00 [INF] Request starting HTTP/1.1 GET http://localhost:5252/lib/leaflet/dist/leaflet.css - null null
2024-11-04 10:47:02.706 +01:00 [INF] Request finished HTTP/1.1 GET http://localhost:5252/lib/leaflet/dist/leaflet.min.css - 404 0 null 10.3405ms
2024-11-04 10:47:02.709 +01:00 [INF] Request reached the end of the middleware pipeline without being handled by application code. Request path: GET http://localhost:5252/lib/leaflet/dist/leaflet.min.css, Response status code: 404
2024-11-04 10:47:02.711 +01:00 [INF] The file /lib/leaflet/dist/leaflet.css was not modified
2024-11-04 10:47:02.711 +01:00 [INF] The file /images/gluten_free.png was not modified
2024-11-04 10:47:02.711 +01:00 [INF] The file /images/vegan.png was not modified
2024-11-04 10:47:02.711 +01:00 [INF] The file /css/site.css was not modified
2024-11-04 10:47:02.712 +01:00 [INF] Request finished HTTP/1.1 GET http://localhost:5252/lib/leaflet/dist/leaflet.css - 304 null text/css 15.8913ms
2024-11-04 10:47:02.712 +01:00 [INF] Request finished HTTP/1.1 GET http://localhost:5252/images/vegan.png - 304 null image/png 15.8812ms
2024-11-04 10:47:02.712 +01:00 [INF] Request finished HTTP/1.1 GET http://localhost:5252/css/site.css - 304 null text/css 15.8913ms
2024-11-04 10:47:02.712 +01:00 [INF] Request finished HTTP/1.1 GET http://localhost:5252/images/gluten_free.png - 304 null image/png 15.883ms
2024-11-04 10:47:02.804 +01:00 [INF] Request starting HTTP/1.1 GET http://localhost:5252/images/dairy_free.png - null null
2024-11-04 10:47:02.804 +01:00 [INF] Request starting HTTP/1.1 GET http://localhost:5252/css - null null
2024-11-04 10:47:02.805 +01:00 [INF] Request starting HTTP/1.1 GET http://localhost:5252/lib/leaflet/dist/leaflet.js - null null
2024-11-04 10:47:02.805 +01:00 [INF] Request starting HTTP/1.1 GET http://localhost:5252/lib/leaflet/dist/leaflet.min.js - null null
2024-11-04 10:47:02.805 +01:00 [INF] Request starting HTTP/1.1 GET http://localhost:5252/js/site.js - null null
2024-11-04 10:47:02.806 +01:00 [INF] The file /js/site.js was not modified
2024-11-04 10:47:02.806 +01:00 [INF] Request finished HTTP/1.1 GET http://localhost:5252/css - 404 0 null 2.0126ms
2024-11-04 10:47:02.807 +01:00 [INF] Request finished HTTP/1.1 GET http://localhost:5252/js/site.js - 304 null text/javascript 1.6556ms
2024-11-04 10:47:02.807 +01:00 [INF] Request reached the end of the middleware pipeline without being handled by application code. Request path: GET http://localhost:5252/css, Response status code: 404
2024-11-04 10:47:02.806 +01:00 [INF] The file /images/dairy_free.png was not modified
2024-11-04 10:47:02.806 +01:00 [INF] Request finished HTTP/1.1 GET http://localhost:5252/lib/leaflet/dist/leaflet.min.js - 404 0 null 1.5362ms
2024-11-04 10:47:02.807 +01:00 [INF] Request reached the end of the middleware pipeline without being handled by application code. Request path: GET http://localhost:5252/lib/leaflet/dist/leaflet.min.js, Response status code: 404
2024-11-04 10:47:02.806 +01:00 [INF] The file /lib/leaflet/dist/leaflet.js was not modified
2024-11-04 10:47:02.807 +01:00 [INF] Request finished HTTP/1.1 GET http://localhost:5252/images/dairy_free.png - 304 null image/png 2.9968ms
2024-11-04 10:47:02.807 +01:00 [INF] Request finished HTTP/1.1 GET http://localhost:5252/lib/leaflet/dist/leaflet.js - 304 null text/javascript 2.5009ms
2024-11-04 10:47:05.147 +01:00 [INF] Request starting HTTP/1.1 GET http://localhost:5252/lib/leaflet/dist/images/marker-icon.png - null null
2024-11-04 10:47:05.148 +01:00 [INF] The file /lib/leaflet/dist/images/marker-icon.png was not modified
2024-11-04 10:47:05.148 +01:00 [INF] Request finished HTTP/1.1 GET http://localhost:5252/lib/leaflet/dist/images/marker-icon.png - 304 null image/png 1.7869ms
2024-11-04 10:47:05.152 +01:00 [INF] Request starting HTTP/1.1 GET http://localhost:5252/lib/leaflet/dist/images/marker-shadow.png - null null
2024-11-04 10:47:05.152 +01:00 [INF] The file /lib/leaflet/dist/images/marker-shadow.png was not modified
2024-11-04 10:47:05.153 +01:00 [INF] Request finished HTTP/1.1 GET http://localhost:5252/lib/leaflet/dist/images/marker-shadow.png - 304 null image/png 0.7754ms
2024-11-04 10:47:25.264 +01:00 [INF] Request starting HTTP/1.1 GET http://localhost:5252/SearchResult - null null
2024-11-04 10:47:25.268 +01:00 [INF] Executing endpoint 'MapYourMeal.Controllers.SearchResultController.Index (MapYourMeal)'
2024-11-04 10:47:25.270 +01:00 [INF] Route matched with {action = "Index", controller = "SearchResult"}. Executing controller action with signature Microsoft.AspNetCore.Mvc.IActionResult Index() on controller MapYourMeal.Controllers.SearchResultController (MapYourMeal).
2024-11-04 10:47:25.406 +01:00 [INF] Executed DbCommand (1ms) [Parameters=[], CommandType='"Text"', CommandTimeout='30']
SELECT "r"."RestaurantId", "r"."RestaurantName", "r"."Longitude", "r"."Latitude", "r"."ImageUrl", "r"."Address", "r"."City", CASE
    WHEN EXISTS (
        SELECT 1
        FROM "Reviews" AS "r0"
        WHERE "r"."RestaurantId" = "r0"."RestaurantId") THEN (
        SELECT AVG(CAST("r1"."Rating" AS REAL))
        FROM "Reviews" AS "r1"
        WHERE "r"."RestaurantId" = "r1"."RestaurantId")
    ELSE 0.0
END, "r2"."ReviewId", "r2"."Dish", "r2"."ImageUrl", "r2"."IsDairyFree", "r2"."IsGlutenFree", "r2"."IsVegan", "r2"."Note", "r2"."Rating", "r2"."RestaurantId", "r2"."UserId"
FROM "Restaurants" AS "r"
LEFT JOIN "Reviews" AS "r2" ON "r"."RestaurantId" = "r2"."RestaurantId"
ORDER BY "r"."RestaurantId"
2024-11-04 10:47:25.412 +01:00 [INF] Executing ViewResult, running view Index.
2024-11-04 10:47:25.417 +01:00 [INF] Executed ViewResult - view Index executed in 6.4382ms.
2024-11-04 10:47:25.418 +01:00 [INF] Executed action MapYourMeal.Controllers.SearchResultController.Index (MapYourMeal) in 147.2258ms
2024-11-04 10:47:25.418 +01:00 [INF] Executed endpoint 'MapYourMeal.Controllers.SearchResultController.Index (MapYourMeal)'
2024-11-04 10:47:25.421 +01:00 [INF] Request finished HTTP/1.1 GET http://localhost:5252/SearchResult - 200 null text/html; charset=utf-8 157.7746ms
2024-11-04 10:47:25.442 +01:00 [INF] Request starting HTTP/1.1 GET http://localhost:5252/lib/leaflet/dist/leaflet.min.css - null null
2024-11-04 10:47:25.442 +01:00 [INF] Request finished HTTP/1.1 GET http://localhost:5252/lib/leaflet/dist/leaflet.min.css - 404 0 null 0.7355ms
2024-11-04 10:47:25.443 +01:00 [INF] Request starting HTTP/1.1 GET http://localhost:5252/css - null null
2024-11-04 10:47:25.443 +01:00 [INF] Request reached the end of the middleware pipeline without being handled by application code. Request path: GET http://localhost:5252/lib/leaflet/dist/leaflet.min.css, Response status code: 404
2024-11-04 10:47:25.443 +01:00 [INF] Request finished HTTP/1.1 GET http://localhost:5252/css - 404 0 null 0.3132ms
2024-11-04 10:47:25.443 +01:00 [INF] Request reached the end of the middleware pipeline without being handled by application code. Request path: GET http://localhost:5252/css, Response status code: 404
2024-11-04 10:47:25.447 +01:00 [INF] Request starting HTTP/1.1 GET http://localhost:5252/lib/leaflet/dist/leaflet.min.js - null null
2024-11-04 10:47:25.453 +01:00 [INF] Request finished HTTP/1.1 GET http://localhost:5252/lib/leaflet/dist/leaflet.min.js - 404 0 null 5.9922ms
2024-11-04 10:47:25.453 +01:00 [INF] Request reached the end of the middleware pipeline without being handled by application code. Request path: GET http://localhost:5252/lib/leaflet/dist/leaflet.min.js, Response status code: 404
2024-11-04 10:47:37.162 +01:00 [INF] Request starting HTTP/1.1 GET http://localhost:5252/Review/Table - null null
2024-11-04 10:47:37.162 +01:00 [INF] Executing endpoint 'MapYourMeal.Controllers.ReviewController.Table (MapYourMeal)'
2024-11-04 10:47:37.167 +01:00 [INF] Route matched with {action = "Table", controller = "Review"}. Executing controller action with signature System.Threading.Tasks.Task`1[Microsoft.AspNetCore.Mvc.IActionResult] Table() on controller MapYourMeal.Controllers.ReviewController (MapYourMeal).
2024-11-04 10:47:37.171 +01:00 [INF] This is an information message
2024-11-04 10:47:37.178 +01:00 [WRN] This is a warning message
2024-11-04 10:47:37.180 +01:00 [ERR] This is an error message
2024-11-04 10:47:37.232 +01:00 [INF] Executed DbCommand (1ms) [Parameters=[], CommandType='"Text"', CommandTimeout='30']
SELECT "r"."ReviewId", "r"."Dish", "r"."ImageUrl", "r"."IsDairyFree", "r"."IsGlutenFree", "r"."IsVegan", "r"."Note", "r"."Rating", "r"."RestaurantId", "r"."UserId"
FROM "Reviews" AS "r"
2024-11-04 10:47:37.239 +01:00 [INF] Executing ViewResult, running view Table.
2024-11-04 10:47:37.257 +01:00 [INF] Executed ViewResult - view Table executed in 18.9279ms.
2024-11-04 10:47:37.258 +01:00 [INF] Executed action MapYourMeal.Controllers.ReviewController.Table (MapYourMeal) in 90.6473ms
2024-11-04 10:47:37.258 +01:00 [INF] Executed endpoint 'MapYourMeal.Controllers.ReviewController.Table (MapYourMeal)'
2024-11-04 10:47:37.258 +01:00 [INF] Request finished HTTP/1.1 GET http://localhost:5252/Review/Table - 200 null text/html; charset=utf-8 96.314ms
2024-11-04 10:47:37.281 +01:00 [INF] Request starting HTTP/1.1 GET http://localhost:5252/lib/leaflet/dist/leaflet.min.css - null null
2024-11-04 10:47:37.281 +01:00 [INF] Request starting HTTP/1.1 GET http://localhost:5252/css - null null
2024-11-04 10:47:37.282 +01:00 [INF] Request starting HTTP/1.1 GET http://localhost:5252/lib/leaflet/dist/leaflet.min.js - null null
2024-11-04 10:47:37.282 +01:00 [INF] Request finished HTTP/1.1 GET http://localhost:5252/css - 404 0 null 0.2518ms
2024-11-04 10:47:37.282 +01:00 [INF] Request finished HTTP/1.1 GET http://localhost:5252/lib/leaflet/dist/leaflet.min.css - 404 0 null 0.7812ms
2024-11-04 10:47:37.282 +01:00 [INF] Request reached the end of the middleware pipeline without being handled by application code. Request path: GET http://localhost:5252/css, Response status code: 404
2024-11-04 10:47:37.282 +01:00 [INF] Request finished HTTP/1.1 GET http://localhost:5252/lib/leaflet/dist/leaflet.min.js - 404 0 null 0.2829ms
2024-11-04 10:47:37.282 +01:00 [INF] Request reached the end of the middleware pipeline without being handled by application code. Request path: GET http://localhost:5252/lib/leaflet/dist/leaflet.min.css, Response status code: 404
2024-11-04 10:47:37.282 +01:00 [INF] Request reached the end of the middleware pipeline without being handled by application code. Request path: GET http://localhost:5252/lib/leaflet/dist/leaflet.min.js, Response status code: 404
2024-11-04 10:47:41.856 +01:00 [INF] Request starting HTTP/1.1 GET http://localhost:5252/Review/Create - null null
2024-11-04 10:47:41.857 +01:00 [INF] Executing endpoint 'MapYourMeal.Controllers.ReviewController.Create (MapYourMeal)'
2024-11-04 10:47:41.859 +01:00 [INF] Route matched with {action = "Create", controller = "Review"}. Executing controller action with signature Microsoft.AspNetCore.Mvc.IActionResult Create() on controller MapYourMeal.Controllers.ReviewController (MapYourMeal).
2024-11-04 10:47:41.860 +01:00 [INF] Executing ViewResult, running view Create.
2024-11-04 10:47:41.903 +01:00 [INF] Executed ViewResult - view Create executed in 43.9618ms.
2024-11-04 10:47:41.904 +01:00 [INF] Executed action MapYourMeal.Controllers.ReviewController.Create (MapYourMeal) in 44.8334ms
2024-11-04 10:47:41.904 +01:00 [INF] Executed endpoint 'MapYourMeal.Controllers.ReviewController.Create (MapYourMeal)'
2024-11-04 10:47:41.904 +01:00 [INF] Request finished HTTP/1.1 GET http://localhost:5252/Review/Create - 200 null text/html; charset=utf-8 47.668ms
2024-11-04 10:47:41.922 +01:00 [INF] Request starting HTTP/1.1 GET http://localhost:5252/lib/leaflet/dist/leaflet.min.css - null null
2024-11-04 10:47:41.922 +01:00 [INF] Request starting HTTP/1.1 GET http://localhost:5252/css - null null
2024-11-04 10:47:41.923 +01:00 [INF] Request finished HTTP/1.1 GET http://localhost:5252/css - 404 0 null 0.2722ms
2024-11-04 10:47:41.923 +01:00 [INF] Request starting HTTP/1.1 GET http://localhost:5252/lib/leaflet/dist/leaflet.min.js - null null
2024-11-04 10:47:41.923 +01:00 [INF] Request finished HTTP/1.1 GET http://localhost:5252/lib/leaflet/dist/leaflet.min.css - 404 0 null 1.0302ms
2024-11-04 10:47:41.923 +01:00 [INF] Request reached the end of the middleware pipeline without being handled by application code. Request path: GET http://localhost:5252/css, Response status code: 404
2024-11-04 10:47:41.923 +01:00 [INF] Request reached the end of the middleware pipeline without being handled by application code. Request path: GET http://localhost:5252/lib/leaflet/dist/leaflet.min.css, Response status code: 404
2024-11-04 10:47:41.923 +01:00 [INF] Request finished HTTP/1.1 GET http://localhost:5252/lib/leaflet/dist/leaflet.min.js - 404 0 null 0.5401ms
2024-11-04 10:47:41.924 +01:00 [INF] Request reached the end of the middleware pipeline without being handled by application code. Request path: GET http://localhost:5252/lib/leaflet/dist/leaflet.min.js, Response status code: 404
2024-11-04 10:47:55.387 +01:00 [INF] Request starting HTTP/1.1 POST http://localhost:5252/Review/Create - application/x-www-form-urlencoded 383
2024-11-04 10:47:55.387 +01:00 [INF] Executing endpoint 'MapYourMeal.Controllers.ReviewController.Create (MapYourMeal)'
2024-11-04 10:47:55.398 +01:00 [INF] Route matched with {action = "Create", controller = "Review"}. Executing controller action with signature System.Threading.Tasks.Task`1[Microsoft.AspNetCore.Mvc.IActionResult] Create(MapYourMeal.Models.Review) on controller MapYourMeal.Controllers.ReviewController (MapYourMeal).
2024-11-04 10:47:55.428 +01:00 [INF] Executed DbCommand (0ms) [Parameters=[@p0='?' (Size = 5), @p1='?', @p2='?' (DbType = Boolean), @p3='?' (DbType = Boolean), @p4='?' (DbType = Boolean), @p5='?' (Size = 9), @p6='?' (DbType = Int32), @p7='?' (DbType = Int32), @p8='?' (DbType = Int32)], CommandType='"Text"', CommandTimeout='30']
INSERT INTO "Reviews" ("Dish", "ImageUrl", "IsDairyFree", "IsGlutenFree", "IsVegan", "Note", "Rating", "RestaurantId", "UserId")
VALUES (@p0, @p1, @p2, @p3, @p4, @p5, @p6, @p7, @p8)
RETURNING "ReviewId";
2024-11-04 10:47:55.434 +01:00 [INF] Executing RedirectResult, redirecting to /Review/Table.
2024-11-04 10:47:55.434 +01:00 [INF] Executed action MapYourMeal.Controllers.ReviewController.Create (MapYourMeal) in 35.7988ms
2024-11-04 10:47:55.434 +01:00 [INF] Executed endpoint 'MapYourMeal.Controllers.ReviewController.Create (MapYourMeal)'
2024-11-04 10:47:55.434 +01:00 [INF] Request finished HTTP/1.1 POST http://localhost:5252/Review/Create - 302 0 null 47.3399ms
2024-11-04 10:47:55.437 +01:00 [INF] Request starting HTTP/1.1 GET http://localhost:5252/Review/Table - null null
2024-11-04 10:47:55.437 +01:00 [INF] Executing endpoint 'MapYourMeal.Controllers.ReviewController.Table (MapYourMeal)'
2024-11-04 10:47:55.437 +01:00 [INF] Route matched with {action = "Table", controller = "Review"}. Executing controller action with signature System.Threading.Tasks.Task`1[Microsoft.AspNetCore.Mvc.IActionResult] Table() on controller MapYourMeal.Controllers.ReviewController (MapYourMeal).
2024-11-04 10:47:55.438 +01:00 [INF] This is an information message
2024-11-04 10:47:55.440 +01:00 [WRN] This is a warning message
2024-11-04 10:47:55.441 +01:00 [ERR] This is an error message
2024-11-04 10:47:55.443 +01:00 [INF] Executed DbCommand (0ms) [Parameters=[], CommandType='"Text"', CommandTimeout='30']
SELECT "r"."ReviewId", "r"."Dish", "r"."ImageUrl", "r"."IsDairyFree", "r"."IsGlutenFree", "r"."IsVegan", "r"."Note", "r"."Rating", "r"."RestaurantId", "r"."UserId"
FROM "Reviews" AS "r"
2024-11-04 10:47:55.443 +01:00 [INF] Executing ViewResult, running view Table.
2024-11-04 10:47:55.444 +01:00 [INF] Executed ViewResult - view Table executed in 1.42ms.
2024-11-04 10:47:55.444 +01:00 [INF] Executed action MapYourMeal.Controllers.ReviewController.Table (MapYourMeal) in 7.2323ms
2024-11-04 10:47:55.444 +01:00 [INF] Executed endpoint 'MapYourMeal.Controllers.ReviewController.Table (MapYourMeal)'
2024-11-04 10:47:55.445 +01:00 [INF] Request finished HTTP/1.1 GET http://localhost:5252/Review/Table - 200 null text/html; charset=utf-8 7.703ms
2024-11-04 10:47:55.459 +01:00 [INF] Request starting HTTP/1.1 GET http://localhost:5252/lib/leaflet/dist/leaflet.min.js - null null
2024-11-04 10:47:55.459 +01:00 [INF] Request starting HTTP/1.1 GET http://localhost:5252/lib/leaflet/dist/leaflet.min.css - null null
2024-11-04 10:47:55.459 +01:00 [INF] Request starting HTTP/1.1 GET http://localhost:5252/css - null null
2024-11-04 10:47:55.459 +01:00 [INF] Request finished HTTP/1.1 GET http://localhost:5252/css - 404 0 null 0.2736ms
2024-11-04 10:47:55.459 +01:00 [INF] Request finished HTTP/1.1 GET http://localhost:5252/lib/leaflet/dist/leaflet.min.js - 404 0 null 0.4251ms
2024-11-04 10:47:55.459 +01:00 [INF] Request finished HTTP/1.1 GET http://localhost:5252/lib/leaflet/dist/leaflet.min.css - 404 0 null 0.4308ms
2024-11-04 10:47:55.459 +01:00 [INF] Request reached the end of the middleware pipeline without being handled by application code. Request path: GET http://localhost:5252/css, Response status code: 404
2024-11-04 10:47:55.459 +01:00 [INF] Request reached the end of the middleware pipeline without being handled by application code. Request path: GET http://localhost:5252/lib/leaflet/dist/leaflet.min.js, Response status code: 404
2024-11-04 10:47:55.459 +01:00 [INF] Request reached the end of the middleware pipeline without being handled by application code. Request path: GET http://localhost:5252/lib/leaflet/dist/leaflet.min.css, Response status code: 404
2024-11-04 10:47:57.688 +01:00 [INF] Request starting HTTP/1.1 GET http://localhost:5252/Review/Update?ReviewId=4 - null null
2024-11-04 10:47:57.688 +01:00 [INF] Executing endpoint 'MapYourMeal.Controllers.ReviewController.Update (MapYourMeal)'
2024-11-04 10:47:57.690 +01:00 [INF] Route matched with {action = "Update", controller = "Review"}. Executing controller action with signature System.Threading.Tasks.Task`1[Microsoft.AspNetCore.Mvc.IActionResult] Update(Int32) on controller MapYourMeal.Controllers.ReviewController (MapYourMeal).
2024-11-04 10:47:57.709 +01:00 [INF] Executed DbCommand (0ms) [Parameters=[@__p_0='?' (DbType = Int32)], CommandType='"Text"', CommandTimeout='30']
SELECT "r"."ReviewId", "r"."Dish", "r"."ImageUrl", "r"."IsDairyFree", "r"."IsGlutenFree", "r"."IsVegan", "r"."Note", "r"."Rating", "r"."RestaurantId", "r"."UserId"
FROM "Reviews" AS "r"
WHERE "r"."ReviewId" = @__p_0
LIMIT 1
2024-11-04 10:47:57.710 +01:00 [INF] Executing ViewResult, running view Update.
2024-11-04 10:47:57.730 +01:00 [INF] Executed ViewResult - view Update executed in 20.2352ms.
2024-11-04 10:47:57.730 +01:00 [INF] Executed action MapYourMeal.Controllers.ReviewController.Update (MapYourMeal) in 40.0161ms
2024-11-04 10:47:57.730 +01:00 [INF] Executed endpoint 'MapYourMeal.Controllers.ReviewController.Update (MapYourMeal)'
2024-11-04 10:47:57.730 +01:00 [INF] Request finished HTTP/1.1 GET http://localhost:5252/Review/Update?ReviewId=4 - 200 null text/html; charset=utf-8 42.5932ms
2024-11-04 10:47:57.745 +01:00 [INF] Request starting HTTP/1.1 GET http://localhost:5252/css - null null
2024-11-04 10:47:57.745 +01:00 [INF] Request starting HTTP/1.1 GET http://localhost:5252/lib/leaflet/dist/leaflet.min.css - null null
2024-11-04 10:47:57.745 +01:00 [INF] Request starting HTTP/1.1 GET http://localhost:5252/lib/leaflet/dist/leaflet.min.js - null null
2024-11-04 10:47:57.745 +01:00 [INF] Request finished HTTP/1.1 GET http://localhost:5252/css - 404 0 null 0.1701ms
2024-11-04 10:47:57.745 +01:00 [INF] Request reached the end of the middleware pipeline without being handled by application code. Request path: GET http://localhost:5252/css, Response status code: 404
2024-11-04 10:47:57.745 +01:00 [INF] Request finished HTTP/1.1 GET http://localhost:5252/lib/leaflet/dist/leaflet.min.js - 404 0 null 0.2911ms
2024-11-04 10:47:57.745 +01:00 [INF] Request finished HTTP/1.1 GET http://localhost:5252/lib/leaflet/dist/leaflet.min.css - 404 0 null 0.3656ms
2024-11-04 10:47:57.745 +01:00 [INF] Request reached the end of the middleware pipeline without being handled by application code. Request path: GET http://localhost:5252/lib/leaflet/dist/leaflet.min.js, Response status code: 404
2024-11-04 10:47:57.745 +01:00 [INF] Request reached the end of the middleware pipeline without being handled by application code. Request path: GET http://localhost:5252/lib/leaflet/dist/leaflet.min.css, Response status code: 404
2024-11-04 10:48:07.296 +01:00 [INF] Request starting HTTP/1.1 POST http://localhost:5252/Review/Update - application/x-www-form-urlencoded 394
2024-11-04 10:48:07.296 +01:00 [INF] Executing endpoint 'MapYourMeal.Controllers.ReviewController.Update (MapYourMeal)'
2024-11-04 10:48:07.298 +01:00 [INF] Route matched with {action = "Update", controller = "Review"}. Executing controller action with signature System.Threading.Tasks.Task`1[Microsoft.AspNetCore.Mvc.IActionResult] Update(MapYourMeal.Models.Review) on controller MapYourMeal.Controllers.ReviewController (MapYourMeal).
2024-11-04 10:48:07.307 +01:00 [INF] Executed DbCommand (0ms) [Parameters=[@p9='?' (DbType = Int32), @p0='?' (Size = 5), @p1='?', @p2='?' (DbType = Boolean), @p3='?' (DbType = Boolean), @p4='?' (DbType = Boolean), @p5='?' (Size = 9), @p6='?' (DbType = Int32), @p7='?' (DbType = Int32), @p8='?' (DbType = Int32)], CommandType='"Text"', CommandTimeout='30']
UPDATE "Reviews" SET "Dish" = @p0, "ImageUrl" = @p1, "IsDairyFree" = @p2, "IsGlutenFree" = @p3, "IsVegan" = @p4, "Note" = @p5, "Rating" = @p6, "RestaurantId" = @p7, "UserId" = @p8
WHERE "ReviewId" = @p9
RETURNING 1;
2024-11-04 10:48:07.309 +01:00 [INF] Executing RedirectResult, redirecting to /Review/Table.
2024-11-04 10:48:07.309 +01:00 [INF] Executed action MapYourMeal.Controllers.ReviewController.Update (MapYourMeal) in 10.8442ms
2024-11-04 10:48:07.309 +01:00 [INF] Executed endpoint 'MapYourMeal.Controllers.ReviewController.Update (MapYourMeal)'
2024-11-04 10:48:07.309 +01:00 [INF] Request finished HTTP/1.1 POST http://localhost:5252/Review/Update - 302 0 null 13.8591ms
2024-11-04 10:48:07.312 +01:00 [INF] Request starting HTTP/1.1 GET http://localhost:5252/Review/Table - null null
2024-11-04 10:48:07.312 +01:00 [INF] Executing endpoint 'MapYourMeal.Controllers.ReviewController.Table (MapYourMeal)'
2024-11-04 10:48:07.312 +01:00 [INF] Route matched with {action = "Table", controller = "Review"}. Executing controller action with signature System.Threading.Tasks.Task`1[Microsoft.AspNetCore.Mvc.IActionResult] Table() on controller MapYourMeal.Controllers.ReviewController (MapYourMeal).
2024-11-04 10:48:07.313 +01:00 [INF] This is an information message
2024-11-04 10:48:07.315 +01:00 [WRN] This is a warning message
2024-11-04 10:48:07.316 +01:00 [ERR] This is an error message
2024-11-04 10:48:07.319 +01:00 [INF] Executed DbCommand (0ms) [Parameters=[], CommandType='"Text"', CommandTimeout='30']
SELECT "r"."ReviewId", "r"."Dish", "r"."ImageUrl", "r"."IsDairyFree", "r"."IsGlutenFree", "r"."IsVegan", "r"."Note", "r"."Rating", "r"."RestaurantId", "r"."UserId"
FROM "Reviews" AS "r"
2024-11-04 10:48:07.319 +01:00 [INF] Executing ViewResult, running view Table.
2024-11-04 10:48:07.321 +01:00 [INF] Executed ViewResult - view Table executed in 1.5495ms.
2024-11-04 10:48:07.321 +01:00 [INF] Executed action MapYourMeal.Controllers.ReviewController.Table (MapYourMeal) in 8.5659ms
2024-11-04 10:48:07.321 +01:00 [INF] Executed endpoint 'MapYourMeal.Controllers.ReviewController.Table (MapYourMeal)'
2024-11-04 10:48:07.321 +01:00 [INF] Request finished HTTP/1.1 GET http://localhost:5252/Review/Table - 200 null text/html; charset=utf-8 9.0141ms
2024-11-04 10:48:07.337 +01:00 [INF] Request starting HTTP/1.1 GET http://localhost:5252/lib/leaflet/dist/leaflet.min.css - null null
2024-11-04 10:48:07.338 +01:00 [INF] Request starting HTTP/1.1 GET http://localhost:5252/css - null null
2024-11-04 10:48:07.338 +01:00 [INF] Request starting HTTP/1.1 GET http://localhost:5252/lib/leaflet/dist/leaflet.min.js - null null
2024-11-04 10:48:07.338 +01:00 [INF] Request finished HTTP/1.1 GET http://localhost:5252/css - 404 0 null 0.4116ms
2024-11-04 10:48:07.338 +01:00 [INF] Request finished HTTP/1.1 GET http://localhost:5252/lib/leaflet/dist/leaflet.min.css - 404 0 null 0.7356ms
2024-11-04 10:48:07.338 +01:00 [INF] Request reached the end of the middleware pipeline without being handled by application code. Request path: GET http://localhost:5252/css, Response status code: 404
2024-11-04 10:48:07.338 +01:00 [INF] Request reached the end of the middleware pipeline without being handled by application code. Request path: GET http://localhost:5252/lib/leaflet/dist/leaflet.min.css, Response status code: 404
2024-11-04 10:48:07.338 +01:00 [INF] Request finished HTTP/1.1 GET http://localhost:5252/lib/leaflet/dist/leaflet.min.js - 404 0 null 0.3143ms
2024-11-04 10:48:07.338 +01:00 [INF] Request reached the end of the middleware pipeline without being handled by application code. Request path: GET http://localhost:5252/lib/leaflet/dist/leaflet.min.js, Response status code: 404
